Duplicate Folder Cleanup Log
Generated: 10/04/2025 12:30:45
WhatIf Mode: False
Word Count for Base ID: 4

Total folders found: 8766
Unique game identifiers: 5339
Games with duplicates: 1468
Folders deleted: 3427

Word Count Distribution:
  1 words: 303 folders
  10 words: 580 folders
  11 words: 428 folders
  12 words: 304 folders
  13 words: 188 folders
  14 words: 101 folders
  15 words: 76 folders
  16 words: 18 folders
  17 words: 8 folders
  18 words: 4 folders
  19 words: 6 folders
  2 words: 326 folders
  3 words: 369 folders
  4 words: 635 folders
  5 words: 975 folders
  6 words: 1328 folders
  7 words: 1308 folders
  8 words: 990 folders
  9 words: 819 folders


Settings Used:
  Folder Path: .
  Base Identifier: First 4 words separated by '_'
  Sorting: Alphabetical (A-Z)
  Keep: First folder in sorted order
  Delete: All subsequent folders with same base identifier
